[2022-11-18T06:33:14.686+0000] {taskinstance.py:1165} INFO - Dependencies all met for <TaskInstance: jobs_analysis.Copy_Job_Salaries_Details manual__2022-11-18T06:31:37.875994+00:00 [queued]>
[2022-11-18T06:33:14.692+0000] {taskinstance.py:1165} INFO - Dependencies all met for <TaskInstance: jobs_analysis.Copy_Job_Salaries_Details manual__2022-11-18T06:31:37.875994+00:00 [queued]>
[2022-11-18T06:33:14.692+0000] {taskinstance.py:1362} INFO - 
--------------------------------------------------------------------------------
[2022-11-18T06:33:14.692+0000] {taskinstance.py:1363} INFO - Starting attempt 1 of 4
[2022-11-18T06:33:14.692+0000] {taskinstance.py:1364} INFO - 
--------------------------------------------------------------------------------
[2022-11-18T06:33:14.702+0000] {taskinstance.py:1383} INFO - Executing <Task(CopyToRedshiftOperator): Copy_Job_Salaries_Details> on 2022-11-18 06:31:37.875994+00:00
[2022-11-18T06:33:14.705+0000] {standard_task_runner.py:55} INFO - Started process 8239 to run task
[2022-11-18T06:33:14.708+0000] {standard_task_runner.py:82} INFO - Running: ['airflow', 'tasks', 'run', 'jobs_analysis', 'Copy_Job_Salaries_Details', 'manual__2022-11-18T06:31:37.875994+00:00', '--job-id', '23', '--raw', '--subdir', 'DAGS_FOLDER/jobs_dag.py', '--cfg-path', '/tmp/tmp_d6zb398']
[2022-11-18T06:33:14.709+0000] {standard_task_runner.py:83} INFO - Job 23: Subtask Copy_Job_Salaries_Details
[2022-11-18T06:33:14.742+0000] {task_command.py:376} INFO - Running <TaskInstance: jobs_analysis.Copy_Job_Salaries_Details manual__2022-11-18T06:31:37.875994+00:00 [running]> on host ip-172-31-2-28.us-west-1.compute.internal
[2022-11-18T06:33:14.775+0000] {taskinstance.py:1590} INFO - Exporting the following env vars:
AIRFLOW_CTX_DAG_EMAIL=lohitha.vanteru@sjsu.edu
AIRFLOW_CTX_DAG_OWNER=Theinsightco
AIRFLOW_CTX_DAG_ID=jobs_analysis
AIRFLOW_CTX_TASK_ID=Copy_Job_Salaries_Details
AIRFLOW_CTX_EXECUTION_DATE=2022-11-18T06:31:37.875994+00:00
AIRFLOW_CTX_TRY_NUMBER=1
AIRFLOW_CTX_DAG_RUN_ID=manual__2022-11-18T06:31:37.875994+00:00
[2022-11-18T06:33:14.779+0000] {base.py:71} INFO - Using connection ID 'aws_default' for task execution.
[2022-11-18T06:33:14.780+0000] {connection_wrapper.py:303} INFO - AWS Connection (conn_id='aws_default', conn_type='aws') credentials retrieved from login and password.
[2022-11-18T06:33:14.787+0000] {copy_redshift.py:42} INFO - Clearing data from Redshift table
[2022-11-18T06:33:14.789+0000] {base.py:71} INFO - Using connection ID 'redshift_tci' for task execution.
[2022-11-18T06:33:14.811+0000] {sql.py:315} INFO - Running statement: TRUNCATE job_salary, parameters: None
[2022-11-18T06:33:14.845+0000] {copy_redshift.py:45} INFO - Copying data from S3 to Redshift
[2022-11-18T06:33:14.846+0000] {logging_mixin.py:120} WARNING - /home/ubuntu/.venv/lib/python3.10/site-packages/airflow/utils/context.py:204 AirflowContextDeprecationWarning: Accessing 'execution_date' from the template is deprecated and will be removed in a future version. Please use 'data_interval_start' or 'logical_date' instead.
[2022-11-18T06:33:14.847+0000] {logging_mixin.py:120} WARNING - /home/ubuntu/.venv/lib/python3.10/site-packages/airflow/utils/context.py:204 AirflowContextDeprecationWarning: Accessing 'next_ds' from the template is deprecated and will be removed in a future version. Please use '{{ data_interval_end | ds }}' instead.
[2022-11-18T06:33:14.847+0000] {logging_mixin.py:120} WARNING - /home/ubuntu/.venv/lib/python3.10/site-packages/airflow/utils/context.py:204 AirflowContextDeprecationWarning: Accessing 'next_ds_nodash' from the template is deprecated and will be removed in a future version. Please use '{{ data_interval_end | ds_nodash }}' instead.
[2022-11-18T06:33:14.848+0000] {logging_mixin.py:120} WARNING - /home/ubuntu/.venv/lib/python3.10/site-packages/airflow/utils/context.py:204 AirflowContextDeprecationWarning: Accessing 'next_execution_date' from the template is deprecated and will be removed in a future version. Please use 'data_interval_end' instead.
[2022-11-18T06:33:14.849+0000] {logging_mixin.py:120} WARNING - /home/ubuntu/.venv/lib/python3.10/site-packages/airflow/utils/context.py:204 AirflowContextDeprecationWarning: Accessing 'prev_ds' from the template is deprecated and will be removed in a future version.
[2022-11-18T06:33:14.849+0000] {logging_mixin.py:120} WARNING - /home/ubuntu/.venv/lib/python3.10/site-packages/airflow/utils/context.py:204 AirflowContextDeprecationWarning: Accessing 'prev_ds_nodash' from the template is deprecated and will be removed in a future version.
[2022-11-18T06:33:14.850+0000] {logging_mixin.py:120} WARNING - /home/ubuntu/.venv/lib/python3.10/site-packages/airflow/utils/context.py:204 AirflowContextDeprecationWarning: Accessing 'prev_execution_date' from the template is deprecated and will be removed in a future version.
[2022-11-18T06:33:14.850+0000] {logging_mixin.py:120} WARNING - /home/ubuntu/.venv/lib/python3.10/site-packages/airflow/utils/context.py:204 AirflowContextDeprecationWarning: Accessing 'prev_execution_date_success' from the template is deprecated and will be removed in a future version. Please use 'prev_data_interval_start_success' instead.
[2022-11-18T06:33:14.851+0000] {logging_mixin.py:120} WARNING - /home/ubuntu/.venv/lib/python3.10/site-packages/airflow/utils/context.py:204 AirflowContextDeprecationWarning: Accessing 'tomorrow_ds' from the template is deprecated and will be removed in a future version.
[2022-11-18T06:33:14.852+0000] {logging_mixin.py:120} WARNING - /home/ubuntu/.venv/lib/python3.10/site-packages/airflow/utils/context.py:204 AirflowContextDeprecationWarning: Accessing 'tomorrow_ds_nodash' from the template is deprecated and will be removed in a future version.
[2022-11-18T06:33:14.852+0000] {logging_mixin.py:120} WARNING - /home/ubuntu/.venv/lib/python3.10/site-packages/airflow/utils/context.py:204 AirflowContextDeprecationWarning: Accessing 'yesterday_ds' from the template is deprecated and will be removed in a future version.
[2022-11-18T06:33:14.853+0000] {logging_mixin.py:120} WARNING - /home/ubuntu/.venv/lib/python3.10/site-packages/airflow/utils/context.py:204 AirflowContextDeprecationWarning: Accessing 'yesterday_ds_nodash' from the template is deprecated and will be removed in a future version.
[2022-11-18T06:33:14.854+0000] {base.py:71} INFO - Using connection ID 'redshift_tci' for task execution.
[2022-11-18T06:33:14.877+0000] {sql.py:315} INFO - Running statement: 
        COPY job_salary
        FROM 's3://jobscleandata/job_salary/' 
        ACCESS_KEY_ID 'AKIA3B54CB5XZQ27CVVD'
        SECRET_ACCESS_KEY '***'
        IGNOREHEADER 1
        format as csv;
    , parameters: None
[2022-11-18T06:33:15.870+0000] {taskinstance.py:1401} INFO - Marking task as SUCCESS. dag_id=jobs_analysis, task_id=Copy_Job_Salaries_Details, execution_date=20221118T063137, start_date=20221118T063314, end_date=20221118T063315
[2022-11-18T06:33:15.921+0000] {local_task_job.py:164} INFO - Task exited with return code 0
[2022-11-18T06:33:15.936+0000] {local_task_job.py:273} INFO - 0 downstream tasks scheduled from follow-on schedule check
